<?xml version="1.0" encoding="UTF-8"?>
<!-- Generated by org.testng.reporters.JUnitXMLReporter -->
<testsuite hostname="mayank" ignored="0" name=" Tutor Build your profile " tests="1" failures="1" timestamp="05 Apr 2018 09:48:50 GMT" time="154.378" errors="0">
  <testcase name="ProfileInformation" time="154.284" classname="testcases.TutorBuildYourProfileTest">
    <failure type="java.lang.AssertionError" message="Problem in level4 expected [true] but found [false]">
      <![CDATA[java.lang.AssertionError: Problem in level4 expected [true] but found [false]
at pages.TutorBuildYourProfile.BuildYourProfile(TutorBuildYourProfile.java:223)
at testcases.TutorBuildYourProfileTest.ProfileInformation(TutorBuildYourProfileTest.java:24)
... Removed 28 stack frames]]>
    </failure>
  </testcase> <!-- ProfileInformation -->
</testsuite> <!--  Tutor Build your profile  -->
