<?xml version="1.0" encoding="UTF-8"?>
<!-- Generated by org.testng.reporters.JUnitXMLReporter -->
<testsuite hostname="mayank" ignored="0" name="My schedule2 " tests="1" failures="1" timestamp="08 May 2018 09:34:08 GMT" time="2.536" errors="0">
  <testcase name="mySchedulePlan" time="2.518" classname="testcases.TutorMyScheduleTest2">
    <failure type="java.lang.AssertionError" message="can not select that date expected [true] but found [false]">
      <![CDATA[java.lang.AssertionError: can not select that date expected [true] but found [false]
at pages.TutorMySchedulePage2.mySchedule(TutorMySchedulePage2.java:64)
at testcases.TutorMyScheduleTest2.mySchedulePlan(TutorMyScheduleTest2.java:24)
... Removed 28 stack frames]]>
    </failure>
  </testcase> <!-- mySchedulePlan -->
</testsuite> <!-- My schedule2  -->
